<?xml version="1.0" encoding="UTF-8"?>
<testsuite name="com.chatassistantmobile.data.repository.ChatRepositoryParsingUnitTest" tests="2" skipped="0" failures="0" errors="0" timestamp="2026-02-23T09:19:11" hostname="Macbooks-MacBook-Pro.local" time="0.026">
  <properties/>
  <testcase name="analyze_parsesNestedAnalysisSchema_withScenariosArray" classname="com.chatassistantmobile.data.repository.ChatRepositoryParsingUnitTest" time="0.026"/>
  <testcase name="analyze_keepsLegacyTopLevelSchema_compatible" classname="com.chatassistantmobile.data.repository.ChatRepositoryParsingUnitTest" time="0.0"/>
  <system-out><![CDATA[]]></system-out>
  <system-err><![CDATA[]]></system-err>
</testsuite>
